<?xml version="1.0" encoding="UTF-8"?>
<!-- Generated by org.testng.reporters.JUnitReportReporter -->
<testsuite hostname="sreevani" failures="0" tests="1" name="com.Amazonkart.kidsproducttest.kidsproduct3" time="0.002" errors="0" timestamp="2024-08-08T12:28:55 IST" skipped="0">
  <testcase classname="com.Amazonkart.kidsproducttest.kidsproduct3" name="updateproduct" time="0.002"/>
  <system-out>
updateproduct-kids product successfully   </system-out>
</testsuite> <!-- com.Amazonkart.kidsproducttest.kidsproduct3 -->
