<?xml version="1.0" encoding="UTF-8"?>
<!-- Generated by org.testng.reporters.JUnitReportReporter -->
<testsuite hostname="sreevani" failures="0" tests="4" name="com.Amazon.regestertest.RegesterTest" time="0.060" errors="0" timestamp="2024-08-09T10:48:50 IST" skipped="1">
  <testcase classname="com.Amazon.regestertest.RegesterTest" name="createUser_invalidData" time="0.010"/>
  <system-out>
createUser_InvalidData for Register Test  </system-out>
  <testcase classname="com.Amazon.regestertest.RegesterTest" name="createUser_invalidData" time="0.006"/>
  <system-out>
createUser_InvalidData for Register Test  </system-out>
  <testcase classname="com.Amazon.regestertest.RegesterTest" name="createUser_invalidData" time="0.044"/>
  <system-out>
createUser_InvalidData for Register Test  </system-out>
  <testcase classname="com.Amazon.regestertest.RegesterTest" name="createUser_validData">
    <skipped/>
  </testcase> <!-- createUser_validData -->
  <system-out/>
</testsuite> <!-- com.Amazon.regestertest.RegesterTest -->
